[2024-06-17T17:21:57.191] [FATAL] arbitraje - Metodo: generarCapetasProyecto Error: ENOENT: no such file or directory, mkdir 'server/nichos/programacion'
    at Object.mkdirSync (fs.js:934:3)
    at generarCapetasProyecto (webpack:///./server/modules/configuracion/configuracion.controller.js?:70:7)
    at Layer.handle [as handle_request] (/Users/scruz/Documents/sr/proyecto-nichos/api/serflix-api/node_modules/express/lib/router/layer.js:95:5)
    at next (/Users/scruz/Documents/sr/proyecto-nichos/api/serflix-api/node_modules/express/lib/router/route.js:149:13)
    at Route.dispatch (/Users/scruz/Documents/sr/proyecto-nichos/api/serflix-api/node_modules/express/lib/router/route.js:119:3)
    at Layer.handle [as handle_request] (/Users/scruz/Documents/sr/proyecto-nichos/api/serflix-api/node_modules/express/lib/router/layer.js:95:5)
    at /Users/scruz/Documents/sr/proyecto-nichos/api/serflix-api/node_modules/express/lib/router/index.js:284:15
    at param (/Users/scruz/Documents/sr/proyecto-nichos/api/serflix-api/node_modules/express/lib/router/index.js:365:14)
    at param (/Users/scruz/Documents/sr/proyecto-nichos/api/serflix-api/node_modules/express/lib/router/index.js:376:14)
    at Function.process_params (/Users/scruz/Documents/sr/proyecto-nichos/api/serflix-api/node_modules/express/lib/router/index.js:421:3) {
  errno: -2,
  syscall: 'mkdir',
  code: 'ENOENT',
  path: 'server/nichos/programacion'
}
[2024-06-17T17:32:58.866] [FATAL] arbitraje - Metodo: generarCapetasProyecto Error: EEXIST: file already exists, mkdir 'server/nichos/programacion/assets'
    at Object.mkdirSync (fs.js:934:3)
    at generarCapetasProyecto (webpack:///./server/modules/configuracion/configuracion.controller.js?:75:5)
    at Layer.handle [as handle_request] (/Users/scruz/Documents/sr/proyecto-nichos/api/serflix-api/node_modules/express/lib/router/layer.js:95:5)
    at next (/Users/scruz/Documents/sr/proyecto-nichos/api/serflix-api/node_modules/express/lib/router/route.js:149:13)
    at Route.dispatch (/Users/scruz/Documents/sr/proyecto-nichos/api/serflix-api/node_modules/express/lib/router/route.js:119:3)
    at Layer.handle [as handle_request] (/Users/scruz/Documents/sr/proyecto-nichos/api/serflix-api/node_modules/express/lib/router/layer.js:95:5)
    at /Users/scruz/Documents/sr/proyecto-nichos/api/serflix-api/node_modules/express/lib/router/index.js:284:15
    at param (/Users/scruz/Documents/sr/proyecto-nichos/api/serflix-api/node_modules/express/lib/router/index.js:365:14)
    at param (/Users/scruz/Documents/sr/proyecto-nichos/api/serflix-api/node_modules/express/lib/router/index.js:376:14)
    at Function.process_params (/Users/scruz/Documents/sr/proyecto-nichos/api/serflix-api/node_modules/express/lib/router/index.js:421:3) {
  errno: -17,
  syscall: 'mkdir',
  code: 'EEXIST',
  path: 'server/nichos/programacion/assets'
}
[2024-06-23T18:42:59.503] [FATAL] arbitraje - Metodo: guardarLogoNicho {"logo":{"file":"images/logo.png","fileCMS":"images/666b73bcda05a8af3d7ae081/logo.png"}} ReferenceError: red is not defined
    at guardarLogoNicho (webpack:///./server/modules/configuracion/configuracion.controller.js?:197:31)
    at Layer.handle [as handle_request] (/Users/sergio/Documents/admin-nichos/serflix-api/node_modules/express/lib/router/layer.js:95:5)
    at next (/Users/sergio/Documents/admin-nichos/serflix-api/node_modules/express/lib/router/route.js:149:13)
    at Route.dispatch (/Users/sergio/Documents/admin-nichos/serflix-api/node_modules/express/lib/router/route.js:119:3)
    at Layer.handle [as handle_request] (/Users/sergio/Documents/admin-nichos/serflix-api/node_modules/express/lib/router/layer.js:95:5)
    at /Users/sergio/Documents/admin-nichos/serflix-api/node_modules/express/lib/router/index.js:284:15
    at param (/Users/sergio/Documents/admin-nichos/serflix-api/node_modules/express/lib/router/index.js:365:14)
    at param (/Users/sergio/Documents/admin-nichos/serflix-api/node_modules/express/lib/router/index.js:376:14)
    at Function.process_params (/Users/sergio/Documents/admin-nichos/serflix-api/node_modules/express/lib/router/index.js:421:3)
    at next (/Users/sergio/Documents/admin-nichos/serflix-api/node_modules/express/lib/router/index.js:280:10)
